[debug] ----------------------------------------------------------------------
[debug] Command:      /usr/local/bin/node /usr/local/bin/firebase deploy
[debug] CLI Version:  3.4.0
[debug] Platform:     darwin
[debug] Node Version: v7.6.0
[debug] Time:         Mon Feb 27 2017 16:12:10 GMT-0700 (MST)
[debug] ----------------------------------------------------------------------
[debug] 
[debug] > command requires scopes: ["email","openid","https://www.googleapis.com/auth/cloudplatformprojects.readonly","https://www.googleapis.com/auth/firebase"]
[debug] > refreshing access token with scopes: ["email","https://www.googleapis.com/auth/cloudplatformprojects.readonly","https://www.googleapis.com/auth/firebase","openid"]
[debug] >>> HTTP REQUEST POST https://www.googleapis.com/oauth2/v3/token { refresh_token: '1/HL5SuIOihl-mg0_H1NSdDeHLkCSuTLu4-7Rq7N-CjNZDvYfAGQ4lrYcrK2z73NnQ',
  client_id: '563584335869-fgrhgmd47bqnekij5i8b5pr03ho849e6.apps.googleusercontent.com',
  client_secret: 'j9iVZfS8kkCEFUPaAeJV0sAi',
  grant_type: 'refresh_token',
  scope: 'email https://www.googleapis.com/auth/cloudplatformprojects.readonly https://www.googleapis.com/auth/firebase openid' } 
 Mon Feb 27 2017 16:12:10 GMT-0700 (MST)
[debug] <<< HTTP RESPONSE 200
[debug] >>> HTTP REQUEST GET https://admin.firebase.com/v1/projects/speciesid-ca814  
 Mon Feb 27 2017 16:12:10 GMT-0700 (MST)
[debug] <<< HTTP RESPONSE 200
[debug] >>> HTTP REQUEST GET https://admin.firebase.com/v1/database/speciesid-ca814/tokens  
 Mon Feb 27 2017 16:12:10 GMT-0700 (MST)
[debug] <<< HTTP RESPONSE 200
[info] 
[info] === Deploying to 'speciesid-ca814'...
[info] 
[info] i  deploying hosting
[info] ✔  database: rules ready to deploy.
[info] i  hosting: preparing public directory for upload...
[debug] >>> HTTP REQUEST PUT https://deploy.firebase.com/v1/hosting/speciesid-ca814/uploads/-Ke0q6PK-2ddqPjk0l2w?fileCount=102&message=  
 Mon Feb 27 2017 16:12:12 GMT-0700 (MST)
